

Processing UserSessionsController#new (for 127.0.0.1 at 2010-03-16 17:20:39) [GET]
  Parameters: {"action"=>"new", "controller"=>"user_sessions"}

ActiveRecord::StatementInvalid (Mysql::Error: Table 'meeting.users' doesn't exist: SHOW FIELDS FROM `users`):
  authlogic (2.1.3) lib/authlogic/session/scopes.rb:95:in `send'
  authlogic (2.1.3) lib/authlogic/session/scopes.rb:95:in `search_for_record'
  authlogic (2.1.3) lib/authlogic/session/scopes.rb:94:in `send'
  authlogic (2.1.3) lib/authlogic/session/scopes.rb:94:in `search_for_record'
  authlogic (2.1.3) lib/authlogic/session/cookies.rb:108:in `persist_by_cookie'
  authlogic (2.1.3) lib/authlogic/session/callbacks.rb:79:in `persist'
  authlogic (2.1.3) lib/authlogic/session/persistence.rb:55:in `persisting?'
  authlogic (2.1.3) lib/authlogic/session/persistence.rb:39:in `find'
  app/controllers/application_controller.rb:67:in `current_user_session'
  app/controllers/application_controller.rb:72:in `current_user'
  app/controllers/application_controller.rb:37:in `require_no_user'
  /usr/lib/ruby/1.8/webrick/httpserver.rb:104:in `service'
  /usr/lib/ruby/1.8/webrick/httpserver.rb:65:in `run'
  /usr/lib/ruby/1.8/webrick/server.rb:173:in `start_thread'
  /usr/lib/ruby/1.8/webrick/server.rb:162:in `start'
  /usr/lib/ruby/1.8/webrick/server.rb:162:in `start_thread'
  /usr/lib/ruby/1.8/webrick/server.rb:95:in `start'
  /usr/lib/ruby/1.8/webrick/server.rb:92:in `each'
  /usr/lib/ruby/1.8/webrick/server.rb:92:in `start'
  /usr/lib/ruby/1.8/webrick/server.rb:23:in `start'
  /usr/lib/ruby/1.8/webrick/server.rb:82:in `start'

Rendering rescues/layout (internal_server_error)


Processing UserSessionsController#new (for 127.0.0.1 at 2010-03-16 17:24:06) [GET]
  Parameters: {"action"=>"new", "controller"=>"user_sessions"}

ActiveRecord::StatementInvalid (Mysql::Error: Table 'meeting.users' doesn't exist: SHOW FIELDS FROM `users`):
  authlogic (2.1.3) lib/authlogic/session/scopes.rb:95:in `send'
  authlogic (2.1.3) lib/authlogic/session/scopes.rb:95:in `search_for_record'
  authlogic (2.1.3) lib/authlogic/session/scopes.rb:94:in `send'
  authlogic (2.1.3) lib/authlogic/session/scopes.rb:94:in `search_for_record'
  authlogic (2.1.3) lib/authlogic/session/cookies.rb:108:in `persist_by_cookie'
  authlogic (2.1.3) lib/authlogic/session/callbacks.rb:79:in `persist'
  authlogic (2.1.3) lib/authlogic/session/persistence.rb:55:in `persisting?'
  authlogic (2.1.3) lib/authlogic/session/persistence.rb:39:in `find'
  app/controllers/application_controller.rb:67:in `current_user_session'
  app/controllers/application_controller.rb:72:in `current_user'
  app/controllers/application_controller.rb:37:in `require_no_user'
  /usr/lib/ruby/1.8/webrick/httpserver.rb:104:in `service'
  /usr/lib/ruby/1.8/webrick/httpserver.rb:65:in `run'
  /usr/lib/ruby/1.8/webrick/server.rb:173:in `start_thread'
  /usr/lib/ruby/1.8/webrick/server.rb:162:in `start'
  /usr/lib/ruby/1.8/webrick/server.rb:162:in `start_thread'
  /usr/lib/ruby/1.8/webrick/server.rb:95:in `start'
  /usr/lib/ruby/1.8/webrick/server.rb:92:in `each'
  /usr/lib/ruby/1.8/webrick/server.rb:92:in `start'
  /usr/lib/ruby/1.8/webrick/server.rb:23:in `start'
  /usr/lib/ruby/1.8/webrick/server.rb:82:in `start'

Rendering rescues/layout (internal_server_error)
